Change Component Designator: OldDesignator=*1_CM1 NewDesignator=*1A
Change Component Designator: OldDesignator=*1_CM2 NewDesignator=*1B
Change Component Designator: OldDesignator=*1_CM3 NewDesignator=*1C
Change Component Designator: OldDesignator=*1_CM4 NewDesignator=*1D
Change Component Designator: OldDesignator=*1_CM5 NewDesignator=*1E
Change Component Designator: OldDesignator=*1_CM6 NewDesignator=*1F
Change Component Designator: OldDesignator=*1_CM7 NewDesignator=*1G
Change Component Designator: OldDesignator=*1_CM8 NewDesignator=*1H
Change Component Designator: OldDesignator=*1_CM9 NewDesignator=*1I
Change Component Designator: OldDesignator=*1_CM10 NewDesignator=*1J
Change Component Designator: OldDesignator=C1_CM1 NewDesignator=C1A
Change Component Designator: OldDesignator=C1_CM2 NewDesignator=C1B
Change Component Designator: OldDesignator=C1_CM3 NewDesignator=C1C
Change Component Designator: OldDesignator=C1_CM4 NewDesignator=C1D
Change Component Designator: OldDesignator=C1_CM5 NewDesignator=C1E
Change Component Designator: OldDesignator=C1_CM6 NewDesignator=C1F
Change Component Designator: OldDesignator=C1_CM7 NewDesignator=C1G
Change Component Designator: OldDesignator=C1_CM8 NewDesignator=C1H
Change Component Designator: OldDesignator=C1_CM9 NewDesignator=C1I
Change Component Designator: OldDesignator=C1_CM10 NewDesignator=C1J
Change Component Designator: OldDesignator=C2_CM1 NewDesignator=C2A
Change Component Designator: OldDesignator=C2_CM2 NewDesignator=C2B
Change Component Designator: OldDesignator=C2_CM3 NewDesignator=C2C
Change Component Designator: OldDesignator=C2_CM4 NewDesignator=C2D
Change Component Designator: OldDesignator=C2_CM5 NewDesignator=C2E
Change Component Designator: OldDesignator=C2_CM6 NewDesignator=C2F
Change Component Designator: OldDesignator=C2_CM7 NewDesignator=C2G
Change Component Designator: OldDesignator=C2_CM8 NewDesignator=C2H
Change Component Designator: OldDesignator=C2_CM9 NewDesignator=C2I
Change Component Designator: OldDesignator=C2_CM10 NewDesignator=C2J
Change Component Designator: OldDesignator=D1_CM1 NewDesignator=D1A
Change Component Designator: OldDesignator=D1_CM2 NewDesignator=D1B
Change Component Designator: OldDesignator=D1_CM3 NewDesignator=D1C
Change Component Designator: OldDesignator=D1_CM4 NewDesignator=D1D
Change Component Designator: OldDesignator=D1_CM5 NewDesignator=D1E
Change Component Designator: OldDesignator=D1_CM6 NewDesignator=D1F
Change Component Designator: OldDesignator=D1_CM7 NewDesignator=D1G
Change Component Designator: OldDesignator=D1_CM8 NewDesignator=D1H
Change Component Designator: OldDesignator=D1_CM9 NewDesignator=D1I
Change Component Designator: OldDesignator=D1_CM10 NewDesignator=D1J
Change Component Designator: OldDesignator=Q1_CM1 NewDesignator=Q1A
Change Component Designator: OldDesignator=Q1_CM2 NewDesignator=Q1B
Change Component Designator: OldDesignator=Q1_CM3 NewDesignator=Q1C
Change Component Designator: OldDesignator=Q1_CM4 NewDesignator=Q1D
Change Component Designator: OldDesignator=Q1_CM5 NewDesignator=Q1E
Change Component Designator: OldDesignator=Q1_CM6 NewDesignator=Q1F
Change Component Designator: OldDesignator=Q1_CM7 NewDesignator=Q1G
Change Component Designator: OldDesignator=Q1_CM8 NewDesignator=Q1H
Change Component Designator: OldDesignator=Q1_CM9 NewDesignator=Q1I
Change Component Designator: OldDesignator=Q1_CM10 NewDesignator=Q1J
Change Component Designator: OldDesignator=R1_CM1 NewDesignator=R1A
Change Component Designator: OldDesignator=R1_CM2 NewDesignator=R1B
Change Component Designator: OldDesignator=R1_CM3 NewDesignator=R1C
Change Component Designator: OldDesignator=R1_CM4 NewDesignator=R1D
Change Component Designator: OldDesignator=R1_CM5 NewDesignator=R1E
Change Component Designator: OldDesignator=R1_CM6 NewDesignator=R1F
Change Component Designator: OldDesignator=R1_CM7 NewDesignator=R1G
Change Component Designator: OldDesignator=R1_CM8 NewDesignator=R1H
Change Component Designator: OldDesignator=R1_CM9 NewDesignator=R1I
Change Component Designator: OldDesignator=R1_CM10 NewDesignator=R1J
Change Component Designator: OldDesignator=R2_CM1 NewDesignator=R2A
Change Component Designator: OldDesignator=R2_CM2 NewDesignator=R2B
Change Component Designator: OldDesignator=R2_CM3 NewDesignator=R2C
Change Component Designator: OldDesignator=R2_CM4 NewDesignator=R2D
Change Component Designator: OldDesignator=R2_CM5 NewDesignator=R2E
Change Component Designator: OldDesignator=R2_CM6 NewDesignator=R2F
Change Component Designator: OldDesignator=R2_CM7 NewDesignator=R2G
Change Component Designator: OldDesignator=R2_CM8 NewDesignator=R2H
Change Component Designator: OldDesignator=R2_CM9 NewDesignator=R2I
Change Component Designator: OldDesignator=R2_CM10 NewDesignator=R2J
Change Component Designator: OldDesignator=R3_CM1 NewDesignator=R3A
Change Component Designator: OldDesignator=R3_CM2 NewDesignator=R3B
Change Component Designator: OldDesignator=R3_CM3 NewDesignator=R3C
Change Component Designator: OldDesignator=R3_CM4 NewDesignator=R3D
Change Component Designator: OldDesignator=R3_CM5 NewDesignator=R3E
Change Component Designator: OldDesignator=R3_CM6 NewDesignator=R3F
Change Component Designator: OldDesignator=R3_CM7 NewDesignator=R3G
Change Component Designator: OldDesignator=R3_CM8 NewDesignator=R3H
Change Component Designator: OldDesignator=R3_CM9 NewDesignator=R3I
Change Component Designator: OldDesignator=R3_CM10 NewDesignator=R3J
Change Component Designator: OldDesignator=R4_CM1 NewDesignator=R4A
Change Component Designator: OldDesignator=R4_CM2 NewDesignator=R4B
Change Component Designator: OldDesignator=R4_CM3 NewDesignator=R4C
Change Component Designator: OldDesignator=R4_CM4 NewDesignator=R4D
Change Component Designator: OldDesignator=R4_CM5 NewDesignator=R4E
Change Component Designator: OldDesignator=R4_CM6 NewDesignator=R4F
Change Component Designator: OldDesignator=R4_CM7 NewDesignator=R4G
Change Component Designator: OldDesignator=R4_CM8 NewDesignator=R4H
Change Component Designator: OldDesignator=R4_CM9 NewDesignator=R4I
Change Component Designator: OldDesignator=R4_CM10 NewDesignator=R4J
Change Component Designator: OldDesignator=R5_CM1 NewDesignator=R5A
Change Component Designator: OldDesignator=R5_CM2 NewDesignator=R5B
Change Component Designator: OldDesignator=R5_CM3 NewDesignator=R5C
Change Component Designator: OldDesignator=R5_CM4 NewDesignator=R5D
Change Component Designator: OldDesignator=R5_CM5 NewDesignator=R5E
Change Component Designator: OldDesignator=R5_CM6 NewDesignator=R5F
Change Component Designator: OldDesignator=R5_CM7 NewDesignator=R5G
Change Component Designator: OldDesignator=R5_CM8 NewDesignator=R5H
Change Component Designator: OldDesignator=R5_CM9 NewDesignator=R5I
Change Component Designator: OldDesignator=R5_CM10 NewDesignator=R5J
Change Component Designator: OldDesignator=R6_CM1 NewDesignator=R6A
Change Component Designator: OldDesignator=R6_CM2 NewDesignator=R6B
Change Component Designator: OldDesignator=R6_CM3 NewDesignator=R6C
Change Component Designator: OldDesignator=R6_CM4 NewDesignator=R6D
Change Component Designator: OldDesignator=R6_CM5 NewDesignator=R6E
Change Component Designator: OldDesignator=R6_CM6 NewDesignator=R6F
Change Component Designator: OldDesignator=R6_CM7 NewDesignator=R6G
Change Component Designator: OldDesignator=R6_CM8 NewDesignator=R6H
Change Component Designator: OldDesignator=R6_CM9 NewDesignator=R6I
Change Component Designator: OldDesignator=R6_CM10 NewDesignator=R6J
Change Net Name : Old Net Name=Net*1_CM1_1 New Net Name=Net*1A_1
Change Net Name : Old Net Name=Net*1_CM1_3 New Net Name=Net*1A_3
Change Net Name : Old Net Name=Net*1_CM2_1 New Net Name=Net*1B_1
Change Net Name : Old Net Name=Net*1_CM2_3 New Net Name=Net*1B_3
Change Net Name : Old Net Name=Net*1_CM3_1 New Net Name=Net*1C_1
Change Net Name : Old Net Name=Net*1_CM3_3 New Net Name=Net*1C_3
Change Net Name : Old Net Name=Net*1_CM4_1 New Net Name=Net*1D_1
Change Net Name : Old Net Name=Net*1_CM4_3 New Net Name=Net*1D_3
Change Net Name : Old Net Name=Net*1_CM5_1 New Net Name=Net*1E_1
Change Net Name : Old Net Name=Net*1_CM5_3 New Net Name=Net*1E_3
Change Net Name : Old Net Name=Net*1_CM6_1 New Net Name=Net*1F_1
Change Net Name : Old Net Name=Net*1_CM6_3 New Net Name=Net*1F_3
Change Net Name : Old Net Name=Net*1_CM7_1 New Net Name=Net*1G_1
Change Net Name : Old Net Name=Net*1_CM7_3 New Net Name=Net*1G_3
Change Net Name : Old Net Name=Net*1_CM8_1 New Net Name=Net*1H_1
Change Net Name : Old Net Name=Net*1_CM8_3 New Net Name=Net*1H_3
Change Net Name : Old Net Name=Net*1_CM9_1 New Net Name=Net*1I_1
Change Net Name : Old Net Name=Net*1_CM9_3 New Net Name=Net*1I_3
Change Net Name : Old Net Name=Net*1_CM10_1 New Net Name=Net*1J_1
Change Net Name : Old Net Name=Net*1_CM10_3 New Net Name=Net*1J_3
Change Net Name : Old Net Name=NetD1_CM1_1 New Net Name=NetD1A_1
Change Net Name : Old Net Name=NetD1_CM1_2 New Net Name=NetD1A_2
Change Net Name : Old Net Name=NetD1_CM2_1 New Net Name=NetD1B_1
Change Net Name : Old Net Name=NetD1_CM2_2 New Net Name=NetD1B_2
Change Net Name : Old Net Name=NetD1_CM3_1 New Net Name=NetD1C_1
Change Net Name : Old Net Name=NetD1_CM3_2 New Net Name=NetD1C_2
Change Net Name : Old Net Name=NetD1_CM4_1 New Net Name=NetD1D_1
Change Net Name : Old Net Name=NetD1_CM4_2 New Net Name=NetD1D_2
Change Net Name : Old Net Name=NetD1_CM5_1 New Net Name=NetD1E_1
Change Net Name : Old Net Name=NetD1_CM5_2 New Net Name=NetD1E_2
Change Net Name : Old Net Name=NetD1_CM6_1 New Net Name=NetD1F_1
Change Net Name : Old Net Name=NetD1_CM6_2 New Net Name=NetD1F_2
Change Net Name : Old Net Name=NetD1_CM7_1 New Net Name=NetD1G_1
Change Net Name : Old Net Name=NetD1_CM7_2 New Net Name=NetD1G_2
Change Net Name : Old Net Name=NetD1_CM8_1 New Net Name=NetD1H_1
Change Net Name : Old Net Name=NetD1_CM8_2 New Net Name=NetD1H_2
Change Net Name : Old Net Name=NetD1_CM9_1 New Net Name=NetD1I_1
Change Net Name : Old Net Name=NetD1_CM9_2 New Net Name=NetD1I_2
Change Net Name : Old Net Name=NetD1_CM10_1 New Net Name=NetD1J_1
Change Net Name : Old Net Name=NetD1_CM10_2 New Net Name=NetD1J_2
Change Net Name : Old Net Name=NetQ1_CM1_1 New Net Name=NetQ1A_1
Change Net Name : Old Net Name=NetQ1_CM2_1 New Net Name=NetQ1B_1
Change Net Name : Old Net Name=NetQ1_CM3_1 New Net Name=NetQ1C_1
Change Net Name : Old Net Name=NetQ1_CM4_1 New Net Name=NetQ1D_1
Change Net Name : Old Net Name=NetQ1_CM5_1 New Net Name=NetQ1E_1
Change Net Name : Old Net Name=NetQ1_CM6_1 New Net Name=NetQ1F_1
Change Net Name : Old Net Name=NetQ1_CM7_1 New Net Name=NetQ1G_1
Change Net Name : Old Net Name=NetQ1_CM8_1 New Net Name=NetQ1H_1
Change Net Name : Old Net Name=NetQ1_CM9_1 New Net Name=NetQ1I_1
Change Net Name : Old Net Name=NetQ1_CM10_1 New Net Name=NetQ1J_1
